<?xml version="1.0" encoding="UTF-8"?>
<!-- Generated by org.testng.reporters.JUnitXMLReporter -->
<testsuite ignored="0" hostname="Suvarnas-MacBook-Air.fritz.box" failures="0" tests="13" name="Free CRM App Test Cases" time="178.51" errors="0" timestamp="04 Nov 2018 01:54:31 GMT">
  <testcase classname="com.crm.testcases.LoginPageTest" name="LoginPageTitleTest" time="0.055"/>
  <testcase classname="com.crm.testcases.HomePageTest" name="verifyHomePageTitleTest" time="0.021"/>
  <testcase classname="com.crm.testcases.ContactsPageTest" name="verifyContactsPageLabel" time="0.085"/>
  <testcase classname="com.crm.testcases.LoginPageTest" name="CRMLogoImageTest" time="0.082"/>
  <testcase classname="com.crm.testcases.HomePageTest" name="verifyUserNameTest" time="0.105"/>
  <testcase classname="com.crm.testcases.ContactsPageTest" name="selectSingleContactsTest" time="0.169"/>
  <testcase classname="com.crm.testcases.LoginPageTest" name="LoginTest" time="5.829"/>
  <testcase classname="com.crm.testcases.HomePageTest" name="verifyContactsLinkTest" time="1.549"/>
  <testcase classname="com.crm.testcases.ContactsPageTest" name="selectMultipleContactsTest" time="0.299"/>
  <testcase classname="com.crm.testcases.ContactsPageTest" name="validateCreateNewContact" time="4.723"/>
  <testcase classname="com.crm.testcases.ContactsPageTest" name="validateCreateNewContact" time="4.559"/>
  <testcase classname="com.crm.testcases.ContactsPageTest" name="validateCreateNewContact" time="4.478"/>
  <testcase classname="com.crm.testcases.ContactsPageTest" name="validateCreateNewContact" time="4.465"/>
</testsuite> <!-- Free CRM App Test Cases -->
